<?xml version="1.0" encoding="UTF-8"?>
<!-- Generated by org.testng.reporters.JUnitXMLReporter -->
<testsuite hostname="DESKTOP-76KCCNQ" failures="0" tests="4" name="Test1" time="0.25" errors="0" timestamp="30 Sep 2021 18:34:01 GMT">
  <testcase classname="com.finovera.scripts.TestLoginPage" name="@BeforeClass openBrowser" time="0.0">
    <failure type="java.lang.IllegalStateException" message="The path to the driver executable The path to the driver executable must be set by the webdriver.gecko.driver system property; for more information, see https://github.com/mozilla/geckodriver. The latest version can be downloaded from https://github.com/mozilla/geckodriver/releases">
      <![CDATA[java.lang.IllegalStateException: The path to the driver executable The path to the driver executable must be set by the webdriver.gecko.driver system property; for more information, see https://github.com/mozilla/geckodriver. The latest version can be downloaded from https://github.com/mozilla/geckodriver/releases
	at org.openqa.selenium.internal.Require$StateChecker.nonNull(Require.java:280)
	at org.openqa.selenium.remote.service.DriverService.findExecutable(DriverService.java:132)
	at org.openqa.selenium.firefox.GeckoDriverService.access$100(GeckoDriverService.java:45)
	at org.openqa.selenium.firefox.GeckoDriverService$Builder.findDefaultExecutable(GeckoDriverService.java:186)
	at org.openqa.selenium.remote.service.DriverService$Builder.build(DriverService.java:434)
	at org.openqa.selenium.firefox.FirefoxDriver.toExecutor(FirefoxDriver.java:236)
	at org.openqa.selenium.firefox.FirefoxDriver.<init>(FirefoxDriver.java:193)
	at org.openqa.selenium.firefox.FirefoxDriver.<init>(FirefoxDriver.java:171)
	at com.finovera.generics.BaseTest.openBrowser(BaseTest.java:37)
... Removed 25 stack frames]]>
    </failure>
  </testcase> <!-- @BeforeClass openBrowser -->
  <testcase classname="com.finovera.scripts.TestLoginPage" name="@BeforeMethod openApp" time="0.0">
    <skipped/>
  </testcase> <!-- @BeforeMethod openApp -->
  <testcase classname="com.finovera.scripts.TestLoginPage" name="@BeforeMethod openApp" time="0.0">
    <skipped/>
  </testcase> <!-- @BeforeMethod openApp -->
  <testcase classname="com.finovera.scripts.TestLoginPage" name="@BeforeMethod openApp" time="0.0">
    <skipped/>
  </testcase> <!-- @BeforeMethod openApp -->
  <testcase classname="com.finovera.scripts.TestLoginPage" name="@BeforeMethod openApp" time="0.0">
    <skipped/>
  </testcase> <!-- @BeforeMethod openApp -->
  <testcase classname="com.finovera.scripts.TestLoginPage" name="test_InvalidLoginPage" time="0.0">
    <skipped/>
  </testcase> <!-- test_InvalidLoginPage -->
  <testcase classname="com.finovera.scripts.TestLoginPage" name="test_InvalidLoginPage" time="0.0">
    <skipped/>
  </testcase> <!-- test_InvalidLoginPage -->
  <testcase classname="com.finovera.scripts.TestLoginPage" name="test_InvalidLoginPage" time="0.0">
    <skipped/>
  </testcase> <!-- test_InvalidLoginPage -->
  <testcase classname="com.finovera.scripts.TestLoginPage" name="test_ValidLoginPage" time="0.016">
    <skipped/>
  </testcase> <!-- test_ValidLoginPage -->
</testsuite> <!-- Test1 -->
